2022-01-14 10:54:36.955 [main] INFO  webui.xUtils.browserUtil - 读取执行xml配置的chrome浏览器初始化

2022-01-14 10:54:40.506 [main] INFO  webui.xUtils.browserUtil - 打开浏览器，访问https://dianpings.com/网址!
2022-01-14 10:54:41.299 [main] INFO  webui.xUtils.TestNGListener - ------测试开始。内容：测试用例1------Start!
2022-01-14 10:54:41.300 [main] INFO  cases.TestCase1 - getCard
2022-01-14 10:54:41.350 [main] INFO  webui.xUtils.BasePageX - 成功读取：Review页面信息
2022-01-14 10:54:41.352 [main] INFO  webui.xUtils.UIExcutorImpl - 查找元素：展示卡片[By.className:card_listReviewCard__QvHn6]
2022-01-14 10:54:41.663 [main] INFO  webui.xUtils.TestNGListener - 测试步骤成功完成。------Test Success！
2022-01-14 10:54:41.666 [main] ERROR webui.xUtils.JsonReadUtil - 11111111111111111111
2022-01-14 10:54:41.668 [main] ERROR webui.xUtils.JsonReadUtil - \data\keyword.json (系统找不到指定的路径。)
java.io.FileNotFoundException: \data\keyword.json (系统找不到指定的路径。)
	at java.io.FileInputStream.open0(Native Method)
	at java.io.FileInputStream.open(FileInputStream.java:195)
	at java.io.FileInputStream.<init>(FileInputStream.java:138)
	at java.io.FileReader.<init>(FileReader.java:72)
	at webui.xUtils.JsonReadUtil.readJsonFile(JsonReadUtil.java:18)
	at cases.TestCase1.keyWord(TestCase1.java:44)
	at sun.reflect.NativeMethodAccessorImpl.invoke0(Native Method)
	at sun.reflect.NativeMethodAccessorImpl.invoke(NativeMethodAccessorImpl.java:62)
	at sun.reflect.DelegatingMethodAccessorImpl.invoke(DelegatingMethodAccessorImpl.java:43)
	at java.lang.reflect.Method.invoke(Method.java:498)
	at org.testng.internal.MethodInvocationHelper.invokeMethod(MethodInvocationHelper.java:133)
	at org.testng.internal.MethodInvocationHelper.invokeMethod(MethodInvocationHelper.java:77)
	at org.testng.internal.MethodInvocationHelper.invokeMethodNoCheckedException(MethodInvocationHelper.java:46)
	at org.testng.internal.MethodInvocationHelper.invokeDataProvider(MethodInvocationHelper.java:146)
	at org.testng.internal.Parameters.handleParameters(Parameters.java:798)
	at org.testng.internal.Parameters.handleParameters(Parameters.java:740)
	at org.testng.internal.ParameterHandler.handleParameters(ParameterHandler.java:59)
	at org.testng.internal.ParameterHandler.createParameters(ParameterHandler.java:38)
	at org.testng.internal.TestInvoker$MethodInvocationAgent.invoke(TestInvoker.java:791)
	at org.testng.internal.TestInvoker.invokeTestMethods(TestInvoker.java:146)
	at org.testng.internal.TestMethodWorker.invokeTestMethods(TestMethodWorker.java:146)
	at org.testng.internal.TestMethodWorker.run(TestMethodWorker.java:128)
	at java.util.ArrayList.forEach(ArrayList.java:1259)
	at org.testng.TestRunner.privateRun(TestRunner.java:794)
	at org.testng.TestRunner.run(TestRunner.java:596)
	at org.testng.SuiteRunner.runTest(SuiteRunner.java:377)
	at org.testng.SuiteRunner.runSequentially(SuiteRunner.java:371)
	at org.testng.SuiteRunner.privateRun(SuiteRunner.java:332)
	at org.testng.SuiteRunner.run(SuiteRunner.java:276)
	at org.testng.SuiteRunnerWorker.runSuite(SuiteRunnerWorker.java:53)
	at org.testng.SuiteRunnerWorker.run(SuiteRunnerWorker.java:96)
	at org.testng.TestNG.runSuitesSequentially(TestNG.java:1212)
	at org.testng.TestNG.runSuitesLocally(TestNG.java:1134)
	at org.testng.TestNG.runSuites(TestNG.java:1063)
	at org.testng.TestNG.run(TestNG.java:1031)
	at com.intellij.rt.testng.IDEARemoteTestNG.run(IDEARemoteTestNG.java:66)
	at com.intellij.rt.testng.RemoteTestNGStarter.main(RemoteTestNGStarter.java:109)
2022-01-14 10:54:41.669 [main] INFO  cases.TestCase1 - null
2022-01-14 10:54:41.669 [main] ERROR webui.xUtils.JsonReadUtil - 22222222222
2022-01-14 10:54:41.669 [main] ERROR webui.xUtils.JsonReadUtil - null
java.lang.NullPointerException: null
	at java.io.File.<init>(File.java:277)
	at webui.xUtils.JsonReadUtil.readJsonFile(JsonReadUtil.java:17)
	at cases.TestCase1.keyWord(TestCase1.java:47)
	at sun.reflect.NativeMethodAccessorImpl.invoke0(Native Method)
	at sun.reflect.NativeMethodAccessorImpl.invoke(NativeMethodAccessorImpl.java:62)
	at sun.reflect.DelegatingMethodAccessorImpl.invoke(DelegatingMethodAccessorImpl.java:43)
	at java.lang.reflect.Method.invoke(Method.java:498)
	at org.testng.internal.MethodInvocationHelper.invokeMethod(MethodInvocationHelper.java:133)
	at org.testng.internal.MethodInvocationHelper.invokeMethod(MethodInvocationHelper.java:77)
	at org.testng.internal.MethodInvocationHelper.invokeMethodNoCheckedException(MethodInvocationHelper.java:46)
	at org.testng.internal.MethodInvocationHelper.invokeDataProvider(MethodInvocationHelper.java:146)
	at org.testng.internal.Parameters.handleParameters(Parameters.java:798)
	at org.testng.internal.Parameters.handleParameters(Parameters.java:740)
	at org.testng.internal.ParameterHandler.handleParameters(ParameterHandler.java:59)
	at org.testng.internal.ParameterHandler.createParameters(ParameterHandler.java:38)
	at org.testng.internal.TestInvoker$MethodInvocationAgent.invoke(TestInvoker.java:791)
	at org.testng.internal.TestInvoker.invokeTestMethods(TestInvoker.java:146)
	at org.testng.internal.TestMethodWorker.invokeTestMethods(TestMethodWorker.java:146)
	at org.testng.internal.TestMethodWorker.run(TestMethodWorker.java:128)
	at java.util.ArrayList.forEach(ArrayList.java:1259)
	at org.testng.TestRunner.privateRun(TestRunner.java:794)
	at org.testng.TestRunner.run(TestRunner.java:596)
	at org.testng.SuiteRunner.runTest(SuiteRunner.java:377)
	at org.testng.SuiteRunner.runSequentially(SuiteRunner.java:371)
	at org.testng.SuiteRunner.privateRun(SuiteRunner.java:332)
	at org.testng.SuiteRunner.run(SuiteRunner.java:276)
	at org.testng.SuiteRunnerWorker.runSuite(SuiteRunnerWorker.java:53)
	at org.testng.SuiteRunnerWorker.run(SuiteRunnerWorker.java:96)
	at org.testng.TestNG.runSuitesSequentially(TestNG.java:1212)
	at org.testng.TestNG.runSuitesLocally(TestNG.java:1134)
	at org.testng.TestNG.runSuites(TestNG.java:1063)
	at org.testng.TestNG.run(TestNG.java:1031)
	at com.intellij.rt.testng.IDEARemoteTestNG.run(IDEARemoteTestNG.java:66)
	at com.intellij.rt.testng.RemoteTestNGStarter.main(RemoteTestNGStarter.java:109)
2022-01-14 10:54:41.744 [main] ERROR cases.TestCase1 - 00000000000
2022-01-14 10:54:41.744 [main] ERROR cases.TestCase1 - null
java.lang.NullPointerException: null
	at cases.TestCase1.keyWord(TestCase1.java:49)
	at sun.reflect.NativeMethodAccessorImpl.invoke0(Native Method)
	at sun.reflect.NativeMethodAccessorImpl.invoke(NativeMethodAccessorImpl.java:62)
	at sun.reflect.DelegatingMethodAccessorImpl.invoke(DelegatingMethodAccessorImpl.java:43)
	at java.lang.reflect.Method.invoke(Method.java:498)
	at org.testng.internal.MethodInvocationHelper.invokeMethod(MethodInvocationHelper.java:133)
	at org.testng.internal.MethodInvocationHelper.invokeMethod(MethodInvocationHelper.java:77)
	at org.testng.internal.MethodInvocationHelper.invokeMethodNoCheckedException(MethodInvocationHelper.java:46)
	at org.testng.internal.MethodInvocationHelper.invokeDataProvider(MethodInvocationHelper.java:146)
	at org.testng.internal.Parameters.handleParameters(Parameters.java:798)
	at org.testng.internal.Parameters.handleParameters(Parameters.java:740)
	at org.testng.internal.ParameterHandler.handleParameters(ParameterHandler.java:59)
	at org.testng.internal.ParameterHandler.createParameters(ParameterHandler.java:38)
	at org.testng.internal.TestInvoker$MethodInvocationAgent.invoke(TestInvoker.java:791)
	at org.testng.internal.TestInvoker.invokeTestMethods(TestInvoker.java:146)
	at org.testng.internal.TestMethodWorker.invokeTestMethods(TestMethodWorker.java:146)
	at org.testng.internal.TestMethodWorker.run(TestMethodWorker.java:128)
	at java.util.ArrayList.forEach(ArrayList.java:1259)
	at org.testng.TestRunner.privateRun(TestRunner.java:794)
	at org.testng.TestRunner.run(TestRunner.java:596)
	at org.testng.SuiteRunner.runTest(SuiteRunner.java:377)
	at org.testng.SuiteRunner.runSequentially(SuiteRunner.java:371)
	at org.testng.SuiteRunner.privateRun(SuiteRunner.java:332)
	at org.testng.SuiteRunner.run(SuiteRunner.java:276)
	at org.testng.SuiteRunnerWorker.runSuite(SuiteRunnerWorker.java:53)
	at org.testng.SuiteRunnerWorker.run(SuiteRunnerWorker.java:96)
	at org.testng.TestNG.runSuitesSequentially(TestNG.java:1212)
	at org.testng.TestNG.runSuitesLocally(TestNG.java:1134)
	at org.testng.TestNG.runSuites(TestNG.java:1063)
	at org.testng.TestNG.run(TestNG.java:1031)
	at com.intellij.rt.testng.IDEARemoteTestNG.run(IDEARemoteTestNG.java:66)
	at com.intellij.rt.testng.RemoteTestNGStarter.main(RemoteTestNGStarter.java:109)
2022-01-14 10:54:41.744 [main] ERROR webui.xUtils.TestNGListener - 测试步骤执行失败。------Test Failure！
2022-01-14 10:54:42.460 [main] INFO  webui.xUtils.TestNGListener - ------结束： ------Test Finish！
2022-01-14 11:00:39.710 [main] INFO  webui.xUtils.browserUtil - 读取执行xml配置的chrome浏览器初始化

2022-01-14 11:00:43.968 [main] INFO  webui.xUtils.browserUtil - 打开浏览器，访问https://dianpings.com/网址!
2022-01-14 11:00:44.808 [main] INFO  webui.xUtils.TestNGListener - ------测试开始。内容：测试用例1------Start!
2022-01-14 11:00:44.853 [main] INFO  webui.xUtils.BasePageX - 成功读取：Review页面信息
2022-01-14 11:00:44.867 [main] INFO  webui.xUtils.UIExcutorImpl - 查找元素：展示卡片[By.className:card_listReviewCard__QvHn6]
2022-01-14 11:00:45.210 [main] INFO  webui.xUtils.TestNGListener - 测试步骤成功完成。------Test Success！
2022-01-14 11:00:45.217 [main] ERROR webui.xUtils.TestNGListener - 测试执行步骤跳过。------Test Skipped！
2022-01-14 11:00:45.956 [main] INFO  webui.xUtils.TestNGListener - ------结束： ------Test Finish！
2022-01-14 11:01:49.976 [main] INFO  webui.xUtils.browserUtil - 读取执行xml配置的chrome浏览器初始化

2022-01-14 11:01:53.539 [main] INFO  webui.xUtils.browserUtil - 打开浏览器，访问https://dianpings.com/网址!
2022-01-14 11:01:54.409 [main] INFO  webui.xUtils.TestNGListener - ------测试开始。内容：测试用例1------Start!
2022-01-14 11:01:54.471 [main] INFO  webui.xUtils.BasePageX - 成功读取：Review页面信息
2022-01-14 11:01:54.494 [main] INFO  webui.xUtils.UIExcutorImpl - 查找元素：展示卡片[By.className:card_listReviewCard__QvHn6]
2022-01-14 11:01:54.687 [main] INFO  webui.xUtils.TestNGListener - 测试步骤成功完成。------Test Success！
2022-01-14 11:01:54.704 [main] ERROR webui.xUtils.TestNGListener - 测试执行步骤跳过。------Test Skipped！
2022-01-14 11:01:55.419 [main] INFO  webui.xUtils.TestNGListener - ------结束： ------Test Finish！
2022-01-14 11:03:00.925 [main] INFO  webui.xUtils.browserUtil - 读取执行xml配置的chrome浏览器初始化

2022-01-14 11:03:04.603 [main] INFO  webui.xUtils.browserUtil - 打开浏览器，访问https://dianpings.com/网址!
2022-01-14 11:03:05.369 [main] INFO  webui.xUtils.TestNGListener - ------测试开始。内容：测试用例1------Start!
2022-01-14 11:03:05.419 [main] INFO  webui.xUtils.BasePageX - 成功读取：Review页面信息
2022-01-14 11:03:05.454 [main] INFO  webui.xUtils.UIExcutorImpl - 查找元素：展示卡片[By.className:card_listReviewCard__QvHn6]
2022-01-14 11:03:05.670 [main] INFO  webui.xUtils.TestNGListener - 测试步骤成功完成。------Test Success！
2022-01-14 11:03:23.772 [main] ERROR webui.xUtils.TestNGListener - 测试执行步骤跳过。------Test Skipped！
2022-01-14 11:03:33.834 [main] INFO  webui.xUtils.TestNGListener - ------结束： ------Test Finish！
2022-01-14 11:03:48.298 [main] INFO  webui.xUtils.browserUtil - 读取执行xml配置的chrome浏览器初始化

2022-01-14 11:03:52.104 [main] INFO  webui.xUtils.browserUtil - 打开浏览器，访问https://dianpings.com/网址!
2022-01-14 11:03:52.983 [main] INFO  webui.xUtils.TestNGListener - ------测试开始。内容：测试用例1------Start!
2022-01-14 11:03:53.038 [main] INFO  webui.xUtils.BasePageX - 成功读取：Review页面信息
2022-01-14 11:03:53.072 [main] INFO  webui.xUtils.UIExcutorImpl - 查找元素：展示卡片[By.className:card_listReviewCard__QvHn6]
2022-01-14 11:03:53.375 [main] INFO  webui.xUtils.TestNGListener - 测试步骤成功完成。------Test Success！
2022-01-14 11:03:53.382 [main] ERROR webui.xUtils.TestNGListener - 测试执行步骤跳过。------Test Skipped！
2022-01-14 11:03:54.202 [main] INFO  webui.xUtils.TestNGListener - ------结束： ------Test Finish！
2022-01-14 11:05:15.668 [main] INFO  webui.xUtils.browserUtil - 读取执行xml配置的chrome浏览器初始化

2022-01-14 11:05:19.280 [main] INFO  webui.xUtils.browserUtil - 打开浏览器，访问https://dianpings.com/网址!
2022-01-14 11:05:20.096 [main] INFO  webui.xUtils.TestNGListener - ------测试开始。内容：测试用例1------Start!
2022-01-14 11:05:20.153 [main] INFO  webui.xUtils.BasePageX - 成功读取：Review页面信息
2022-01-14 11:05:20.172 [main] INFO  webui.xUtils.UIExcutorImpl - 查找元素：展示卡片[By.className:card_listReviewCard__QvHn6]
2022-01-14 11:05:20.455 [main] INFO  webui.xUtils.TestNGListener - 测试步骤成功完成。------Test Success！
2022-01-14 11:05:20.458 [main] INFO  cases.TestCase1 - src\test\resources\data\keyword.jsonaaaaaaa
2022-01-14 11:05:20.562 [main] INFO  webui.xUtils.TestNGListener - ------测试开始。内容：测试用例2------Start!
2022-01-14 11:05:20.562 [main] INFO  webui.xUtils.BasePageX - 成功读取：Review页面信息
2022-01-14 11:05:20.562 [main] INFO  webui.xUtils.UIExcutorImpl - 查找元素：查询输入框[By.xpath:/html/body/div/div[3]/main/div[2]/div[1]/input]
2022-01-14 11:05:20.639 [main] INFO  cases.TestCase1 - 查找火锅
2022-01-14 11:05:20.639 [main] INFO  webui.xUtils.UIExcutorImpl - 查找元素：查询输入框[By.xpath:/html/body/div/div[3]/main/div[2]/div[1]/input]
2022-01-14 11:05:20.778 [main] INFO  webui.xUtils.UIExcutorImpl - 查找元素：搜索按钮[By.xpath:/html/body/div/div[3]/main/div[2]/div[1]/button]
2022-01-14 11:05:21.990 [main] INFO  webui.xUtils.TestNGListener - 测试步骤成功完成。------Test Success！
2022-01-14 11:05:21.990 [main] INFO  webui.xUtils.TestNGListener - ------测试开始。内容：测试用例2------Start!
2022-01-14 11:05:21.990 [main] INFO  webui.xUtils.BasePageX - 成功读取：Review页面信息
2022-01-14 11:05:21.990 [main] INFO  webui.xUtils.UIExcutorImpl - 查找元素：查询输入框[By.xpath:/html/body/div/div[3]/main/div[2]/div[1]/input]
2022-01-14 11:05:22.030 [main] INFO  cases.TestCase1 - 查找美食
2022-01-14 11:05:22.030 [main] INFO  webui.xUtils.UIExcutorImpl - 查找元素：查询输入框[By.xpath:/html/body/div/div[3]/main/div[2]/div[1]/input]
2022-01-14 11:05:22.097 [main] INFO  webui.xUtils.UIExcutorImpl - 查找元素：搜索按钮[By.xpath:/html/body/div/div[3]/main/div[2]/div[1]/button]
2022-01-14 11:05:23.156 [main] INFO  webui.xUtils.TestNGListener - 测试步骤成功完成。------Test Success！
2022-01-14 11:05:23.156 [main] INFO  webui.xUtils.TestNGListener - ------测试开始。内容：测试用例2------Start!
2022-01-14 11:05:23.156 [main] INFO  webui.xUtils.BasePageX - 成功读取：Review页面信息
2022-01-14 11:05:23.156 [main] INFO  webui.xUtils.UIExcutorImpl - 查找元素：查询输入框[By.xpath:/html/body/div/div[3]/main/div[2]/div[1]/input]
2022-01-14 11:05:23.214 [main] INFO  cases.TestCase1 - 查找川菜
2022-01-14 11:05:23.215 [main] INFO  webui.xUtils.UIExcutorImpl - 查找元素：查询输入框[By.xpath:/html/body/div/div[3]/main/div[2]/div[1]/input]
2022-01-14 11:05:23.278 [main] INFO  webui.xUtils.UIExcutorImpl - 查找元素：搜索按钮[By.xpath:/html/body/div/div[3]/main/div[2]/div[1]/button]
2022-01-14 11:05:24.340 [main] INFO  webui.xUtils.TestNGListener - 测试步骤成功完成。------Test Success！
2022-01-14 11:05:25.084 [main] INFO  webui.xUtils.TestNGListener - ------结束： ------Test Finish！
2022-01-14 11:08:59.800 [main] INFO  webui.xUtils.browserUtil - 读取执行xml配置的chrome浏览器初始化

2022-01-14 11:09:03.383 [main] INFO  webui.xUtils.browserUtil - 打开浏览器，访问https://dianpings.com/网址!
2022-01-14 11:09:04.375 [main] INFO  webui.xUtils.TestNGListener - ------测试开始。内容：测试用例1------Start!
2022-01-14 11:09:04.479 [main] INFO  webui.xUtils.BasePageX - 成功读取：Review页面信息
2022-01-14 11:09:04.495 [main] INFO  webui.xUtils.UIExcutorImpl - 查找元素：展示卡片[By.className:card_listReviewCard__QvHn6]
2022-01-14 11:09:04.579 [main] INFO  webui.xUtils.TestNGListener - 测试步骤成功完成。------Test Success！
2022-01-14 11:09:04.593 [main] INFO  cases.TestCase1 - src\test\resources\data\keyword.jsonaaaaaaa
2022-01-14 11:09:04.670 [main] INFO  webui.xUtils.TestNGListener - ------测试开始。内容：测试用例2------Start!
2022-01-14 11:09:04.670 [main] INFO  webui.xUtils.BasePageX - 成功读取：Review页面信息
2022-01-14 11:09:04.670 [main] INFO  webui.xUtils.UIExcutorImpl - 查找元素：查询输入框[By.xpath:/html/body/div/div[3]/main/div[2]/div[1]/input]
2022-01-14 11:09:04.737 [main] INFO  cases.TestCase1 - 查找火锅
2022-01-14 11:09:04.737 [main] INFO  webui.xUtils.UIExcutorImpl - 查找元素：查询输入框[By.xpath:/html/body/div/div[3]/main/div[2]/div[1]/input]
2022-01-14 11:09:04.858 [main] INFO  webui.xUtils.UIExcutorImpl - 查找元素：搜索按钮[By.xpath:/html/body/div/div[3]/main/div[2]/div[1]/button]
2022-01-14 11:09:06.003 [main] INFO  webui.xUtils.TestNGListener - 测试步骤成功完成。------Test Success！
2022-01-14 11:09:06.003 [main] INFO  webui.xUtils.TestNGListener - ------测试开始。内容：测试用例2------Start!
2022-01-14 11:09:06.003 [main] INFO  webui.xUtils.BasePageX - 成功读取：Review页面信息
2022-01-14 11:09:06.003 [main] INFO  webui.xUtils.UIExcutorImpl - 查找元素：查询输入框[By.xpath:/html/body/div/div[3]/main/div[2]/div[1]/input]
2022-01-14 11:09:06.048 [main] INFO  cases.TestCase1 - 查找美食
2022-01-14 11:09:06.048 [main] INFO  webui.xUtils.UIExcutorImpl - 查找元素：查询输入框[By.xpath:/html/body/div/div[3]/main/div[2]/div[1]/input]
2022-01-14 11:09:06.124 [main] INFO  webui.xUtils.UIExcutorImpl - 查找元素：搜索按钮[By.xpath:/html/body/div/div[3]/main/div[2]/div[1]/button]
2022-01-14 11:09:07.185 [main] INFO  webui.xUtils.TestNGListener - 测试步骤成功完成。------Test Success！
2022-01-14 11:09:07.185 [main] INFO  webui.xUtils.TestNGListener - ------测试开始。内容：测试用例2------Start!
2022-01-14 11:09:07.200 [main] INFO  webui.xUtils.BasePageX - 成功读取：Review页面信息
2022-01-14 11:09:07.200 [main] INFO  webui.xUtils.UIExcutorImpl - 查找元素：查询输入框[By.xpath:/html/body/div/div[3]/main/div[2]/div[1]/input]
2022-01-14 11:09:07.257 [main] INFO  cases.TestCase1 - 查找川菜
2022-01-14 11:09:07.257 [main] INFO  webui.xUtils.UIExcutorImpl - 查找元素：查询输入框[By.xpath:/html/body/div/div[3]/main/div[2]/div[1]/input]
2022-01-14 11:09:07.349 [main] INFO  webui.xUtils.UIExcutorImpl - 查找元素：搜索按钮[By.xpath:/html/body/div/div[3]/main/div[2]/div[1]/button]
2022-01-14 11:09:08.421 [main] INFO  webui.xUtils.TestNGListener - 测试步骤成功完成。------Test Success！
2022-01-14 11:09:09.217 [main] INFO  webui.xUtils.TestNGListener - ------结束： ------Test Finish！
2022-01-14 11:16:21.399 [main] INFO  webui.xUtils.browserUtil - 读取执行xml配置的chrome浏览器初始化

2022-01-14 11:16:24.966 [main] INFO  webui.xUtils.browserUtil - 打开浏览器，访问https://dianpings.com/网址!
2022-01-14 11:16:25.902 [main] INFO  webui.xUtils.TestNGListener - ------测试开始。内容：测试用例1------Start!
2022-01-14 11:16:26.012 [main] INFO  webui.xUtils.BasePageX - 成功读取：Review页面信息
2022-01-14 11:16:26.028 [main] INFO  webui.xUtils.UIExcutorImpl - 查找元素：展示卡片[By.className:card_listReviewCard__QvHn6]
2022-01-14 11:16:26.114 [main] INFO  webui.xUtils.TestNGListener - 测试步骤成功完成。------Test Success！
2022-01-14 11:16:26.125 [main] INFO  cases.TestCase1 - src\test\resources\data\keyword.jsonaaaaaaa
2022-01-14 11:16:26.191 [main] INFO  webui.xUtils.TestNGListener - ------测试开始。内容：测试用例2------Start!
2022-01-14 11:16:26.194 [main] INFO  webui.xUtils.BasePageX - 成功读取：Review页面信息
2022-01-14 11:16:26.194 [main] INFO  webui.xUtils.UIExcutorImpl - 查找元素：查询输入框[By.xpath:/html/body/div/div[3]/main/div[2]/div[1]/input]
2022-01-14 11:16:26.257 [main] INFO  cases.TestCase1 - 查找火锅
2022-01-14 11:16:26.257 [main] INFO  webui.xUtils.UIExcutorImpl - 查找元素：查询输入框[By.xpath:/html/body/div/div[3]/main/div[2]/div[1]/input]
2022-01-14 11:16:26.382 [main] INFO  webui.xUtils.UIExcutorImpl - 查找元素：搜索按钮[By.xpath:/html/body/div/div[3]/main/div[2]/div[1]/button]
2022-01-14 11:16:26.495 [main] INFO  webui.xUtils.UIExcutorImpl - 查找元素：展示卡片[By.className:card_listReviewCard__QvHn6]
2022-01-14 11:16:26.929 [main] ERROR webui.xUtils.TestNGListener - 测试步骤执行失败。------Test Failure！
2022-01-14 11:16:26.962 [main] INFO  webui.xUtils.TestNGListener - ------测试开始。内容：测试用例2------Start!
2022-01-14 11:16:26.972 [main] INFO  webui.xUtils.BasePageX - 成功读取：Review页面信息
2022-01-14 11:16:26.972 [main] INFO  webui.xUtils.UIExcutorImpl - 查找元素：查询输入框[By.xpath:/html/body/div/div[3]/main/div[2]/div[1]/input]
2022-01-14 11:16:27.026 [main] INFO  cases.TestCase1 - 查找美食
2022-01-14 11:16:27.026 [main] INFO  webui.xUtils.UIExcutorImpl - 查找元素：查询输入框[By.xpath:/html/body/div/div[3]/main/div[2]/div[1]/input]
2022-01-14 11:16:27.107 [main] INFO  webui.xUtils.UIExcutorImpl - 查找元素：搜索按钮[By.xpath:/html/body/div/div[3]/main/div[2]/div[1]/button]
2022-01-14 11:16:27.172 [main] INFO  webui.xUtils.UIExcutorImpl - 查找元素：展示卡片[By.className:card_listReviewCard__QvHn6]
2022-01-14 11:16:27.473 [main] ERROR webui.xUtils.TestNGListener - 测试步骤执行失败。------Test Failure！
2022-01-14 11:16:27.479 [main] INFO  webui.xUtils.TestNGListener - ------测试开始。内容：测试用例2------Start!
2022-01-14 11:16:27.483 [main] INFO  webui.xUtils.BasePageX - 成功读取：Review页面信息
2022-01-14 11:16:27.483 [main] INFO  webui.xUtils.UIExcutorImpl - 查找元素：查询输入框[By.xpath:/html/body/div/div[3]/main/div[2]/div[1]/input]
2022-01-14 11:16:27.538 [main] INFO  cases.TestCase1 - 查找川菜
2022-01-14 11:16:27.538 [main] INFO  webui.xUtils.UIExcutorImpl - 查找元素：查询输入框[By.xpath:/html/body/div/div[3]/main/div[2]/div[1]/input]
2022-01-14 11:16:27.621 [main] INFO  webui.xUtils.UIExcutorImpl - 查找元素：搜索按钮[By.xpath:/html/body/div/div[3]/main/div[2]/div[1]/button]
2022-01-14 11:16:27.678 [main] INFO  webui.xUtils.UIExcutorImpl - 查找元素：展示卡片[By.className:card_listReviewCard__QvHn6]
2022-01-14 11:16:27.972 [main] ERROR webui.xUtils.TestNGListener - 测试步骤执行失败。------Test Failure！
2022-01-14 11:16:28.711 [main] INFO  webui.xUtils.TestNGListener - ------结束： ------Test Finish！
2022-01-14 11:21:24.429 [main] INFO  webui.xUtils.browserUtil - 读取执行xml配置的chrome浏览器初始化

2022-01-14 11:21:28.053 [main] INFO  webui.xUtils.browserUtil - 打开浏览器，访问https://dianpings.com/网址!
2022-01-14 11:21:29.000 [main] INFO  webui.xUtils.TestNGListener - ------测试开始。内容：测试用例1------Start!
2022-01-14 11:21:29.106 [main] INFO  webui.xUtils.BasePageX - 成功读取：Review页面信息
2022-01-14 11:21:29.121 [main] INFO  webui.xUtils.UIExcutorImpl - 查找元素：展示卡片[By.className:card_listReviewCard__QvHn6]
2022-01-14 11:21:29.215 [main] INFO  webui.xUtils.TestNGListener - 测试步骤成功完成。------Test Success！
2022-01-14 11:21:29.230 [main] INFO  cases.TestCase1 - src\test\resources\data\keyword.jsonaaaaaaa
2022-01-14 11:21:29.297 [main] INFO  webui.xUtils.TestNGListener - ------测试开始。内容：测试用例2------Start!
2022-01-14 11:21:29.297 [main] INFO  webui.xUtils.BasePageX - 成功读取：Review页面信息
2022-01-14 11:21:29.297 [main] INFO  webui.xUtils.UIExcutorImpl - 查找元素：查询输入框[By.xpath:/html/body/div/div[3]/main/div[2]/div[1]/input]
2022-01-14 11:21:29.344 [main] INFO  cases.TestCase1 - 查找火锅
2022-01-14 11:21:29.344 [main] INFO  webui.xUtils.UIExcutorImpl - 查找元素：查询输入框[By.xpath:/html/body/div/div[3]/main/div[2]/div[1]/input]
2022-01-14 11:21:29.496 [main] INFO  webui.xUtils.UIExcutorImpl - 查找元素：搜索按钮[By.xpath:/html/body/div/div[3]/main/div[2]/div[1]/button]
2022-01-14 11:21:29.739 [main] INFO  webui.xUtils.UIExcutorImpl - 查找元素：展示卡片[By.className:card_listReviewCard__QvHn6]
2022-01-14 11:21:30.826 [main] INFO  webui.xUtils.TestNGListener - 测试步骤成功完成。------Test Success！
2022-01-14 11:21:30.826 [main] INFO  webui.xUtils.TestNGListener - ------测试开始。内容：测试用例2------Start!
2022-01-14 11:21:30.826 [main] INFO  webui.xUtils.BasePageX - 成功读取：Review页面信息
2022-01-14 11:21:30.826 [main] INFO  webui.xUtils.UIExcutorImpl - 查找元素：查询输入框[By.xpath:/html/body/div/div[3]/main/div[2]/div[1]/input]
2022-01-14 11:21:30.878 [main] INFO  cases.TestCase1 - 查找美食
2022-01-14 11:21:30.879 [main] INFO  webui.xUtils.UIExcutorImpl - 查找元素：查询输入框[By.xpath:/html/body/div/div[3]/main/div[2]/div[1]/input]
2022-01-14 11:21:30.954 [main] INFO  webui.xUtils.UIExcutorImpl - 查找元素：搜索按钮[By.xpath:/html/body/div/div[3]/main/div[2]/div[1]/button]
2022-01-14 11:21:31.011 [main] INFO  webui.xUtils.UIExcutorImpl - 查找元素：展示卡片[By.className:card_listReviewCard__QvHn6]
2022-01-14 11:21:32.091 [main] INFO  webui.xUtils.TestNGListener - 测试步骤成功完成。------Test Success！
2022-01-14 11:21:32.091 [main] INFO  webui.xUtils.TestNGListener - ------测试开始。内容：测试用例2------Start!
2022-01-14 11:21:32.091 [main] INFO  webui.xUtils.BasePageX - 成功读取：Review页面信息
2022-01-14 11:21:32.091 [main] INFO  webui.xUtils.UIExcutorImpl - 查找元素：查询输入框[By.xpath:/html/body/div/div[3]/main/div[2]/div[1]/input]
2022-01-14 11:21:32.146 [main] INFO  cases.TestCase1 - 查找川菜
2022-01-14 11:21:32.146 [main] INFO  webui.xUtils.UIExcutorImpl - 查找元素：查询输入框[By.xpath:/html/body/div/div[3]/main/div[2]/div[1]/input]
2022-01-14 11:21:32.220 [main] INFO  webui.xUtils.UIExcutorImpl - 查找元素：搜索按钮[By.xpath:/html/body/div/div[3]/main/div[2]/div[1]/button]
2022-01-14 11:21:32.272 [main] INFO  webui.xUtils.UIExcutorImpl - 查找元素：展示卡片[By.className:card_listReviewCard__QvHn6]
2022-01-14 11:21:33.342 [main] INFO  webui.xUtils.TestNGListener - 测试步骤成功完成。------Test Success！
2022-01-14 11:21:34.156 [main] INFO  webui.xUtils.TestNGListener - ------结束： ------Test Finish！
2022-01-14 11:22:34.621 [main] INFO  webui.xUtils.browserUtil - 读取执行xml配置的chrome浏览器初始化

2022-01-14 11:22:38.200 [main] INFO  webui.xUtils.browserUtil - 打开浏览器，访问https://dianpings.com/网址!
2022-01-14 11:22:39.104 [main] INFO  webui.xUtils.TestNGListener - ------测试开始。内容：测试用例1------Start!
2022-01-14 11:22:39.209 [main] INFO  webui.xUtils.BasePageX - 成功读取：Review页面信息
2022-01-14 11:22:39.223 [main] INFO  webui.xUtils.UIExcutorImpl - 查找元素：展示卡片[By.className:card_listReviewCard__QvHn6]
2022-01-14 11:22:39.328 [main] INFO  webui.xUtils.TestNGListener - 测试步骤成功完成。------Test Success！
2022-01-14 11:22:39.340 [main] INFO  cases.TestCase1 - src\test\resources\data\keyword.jsonaaaaaaa
2022-01-14 11:22:39.414 [main] INFO  webui.xUtils.TestNGListener - ------测试开始。内容：测试用例2------Start!
2022-01-14 11:22:39.418 [main] INFO  webui.xUtils.BasePageX - 成功读取：Review页面信息
2022-01-14 11:22:39.418 [main] INFO  webui.xUtils.UIExcutorImpl - 查找元素：查询输入框[By.xpath:/html/body/div/div[3]/main/div[2]/div[1]/input]
2022-01-14 11:22:39.470 [main] INFO  cases.TestCase1 - 查找火锅
2022-01-14 11:22:39.470 [main] INFO  webui.xUtils.UIExcutorImpl - 查找元素：查询输入框[By.xpath:/html/body/div/div[3]/main/div[2]/div[1]/input]
2022-01-14 11:22:39.597 [main] INFO  webui.xUtils.UIExcutorImpl - 查找元素：搜索按钮[By.xpath:/html/body/div/div[3]/main/div[2]/div[1]/button]
2022-01-14 11:22:39.917 [main] INFO  webui.xUtils.UIExcutorImpl - 查找元素：展示卡片[By.className:card_listReviewCard__QvHn6]
2022-01-14 11:22:41.002 [main] INFO  webui.xUtils.TestNGListener - 测试步骤成功完成。------Test Success！
2022-01-14 11:22:41.007 [main] INFO  webui.xUtils.TestNGListener - ------测试开始。内容：测试用例2------Start!
2022-01-14 11:22:41.008 [main] INFO  webui.xUtils.BasePageX - 成功读取：Review页面信息
2022-01-14 11:22:41.008 [main] INFO  webui.xUtils.UIExcutorImpl - 查找元素：查询输入框[By.xpath:/html/body/div/div[3]/main/div[2]/div[1]/input]
2022-01-14 11:22:41.055 [main] INFO  cases.TestCase1 - 查找美食
2022-01-14 11:22:41.055 [main] INFO  webui.xUtils.UIExcutorImpl - 查找元素：查询输入框[By.xpath:/html/body/div/div[3]/main/div[2]/div[1]/input]
2022-01-14 11:22:41.131 [main] INFO  webui.xUtils.UIExcutorImpl - 查找元素：搜索按钮[By.xpath:/html/body/div/div[3]/main/div[2]/div[1]/button]
2022-01-14 11:22:41.193 [main] INFO  webui.xUtils.UIExcutorImpl - 查找元素：展示卡片[By.className:card_listReviewCard__QvHn6]
2022-01-14 11:22:42.270 [main] INFO  webui.xUtils.TestNGListener - 测试步骤成功完成。------Test Success！
2022-01-14 11:22:42.270 [main] INFO  webui.xUtils.TestNGListener - ------测试开始。内容：测试用例2------Start!
2022-01-14 11:22:42.270 [main] INFO  webui.xUtils.BasePageX - 成功读取：Review页面信息
2022-01-14 11:22:42.270 [main] INFO  webui.xUtils.UIExcutorImpl - 查找元素：查询输入框[By.xpath:/html/body/div/div[3]/main/div[2]/div[1]/input]
2022-01-14 11:22:42.323 [main] INFO  cases.TestCase1 - 查找川菜
2022-01-14 11:22:42.323 [main] INFO  webui.xUtils.UIExcutorImpl - 查找元素：查询输入框[By.xpath:/html/body/div/div[3]/main/div[2]/div[1]/input]
2022-01-14 11:22:42.395 [main] INFO  webui.xUtils.UIExcutorImpl - 查找元素：搜索按钮[By.xpath:/html/body/div/div[3]/main/div[2]/div[1]/button]
2022-01-14 11:22:42.453 [main] INFO  webui.xUtils.UIExcutorImpl - 查找元素：展示卡片[By.className:card_listReviewCard__QvHn6]
2022-01-14 11:22:43.538 [main] INFO  webui.xUtils.TestNGListener - 测试步骤成功完成。------Test Success！
2022-01-14 11:22:44.261 [main] INFO  webui.xUtils.TestNGListener - ------结束： ------Test Finish！
2022-01-14 11:23:17.909 [main] INFO  webui.xUtils.browserUtil - 读取执行xml配置的chrome浏览器初始化

2022-01-14 11:23:21.692 [main] INFO  webui.xUtils.browserUtil - 打开浏览器，访问https://dianpings.com/网址!
2022-01-14 11:23:22.608 [main] INFO  webui.xUtils.TestNGListener - ------测试开始。内容：测试用例1------Start!
2022-01-14 11:23:22.744 [main] INFO  webui.xUtils.BasePageX - 成功读取：Review页面信息
2022-01-14 11:23:22.760 [main] INFO  webui.xUtils.UIExcutorImpl - 查找元素：展示卡片[By.className:card_listReviewCard__QvHn6]
2022-01-14 11:23:22.859 [main] INFO  webui.xUtils.TestNGListener - 测试步骤成功完成。------Test Success！
2022-01-14 11:23:22.871 [main] INFO  cases.TestCase1 - src\test\resources\data\keyword.jsonaaaaaaa
2022-01-14 11:23:22.950 [main] INFO  webui.xUtils.TestNGListener - ------测试开始。内容：测试用例2------Start!
2022-01-14 11:23:22.953 [main] INFO  webui.xUtils.BasePageX - 成功读取：Review页面信息
2022-01-14 11:23:22.954 [main] INFO  webui.xUtils.UIExcutorImpl - 查找元素：查询输入框[By.xpath:/html/body/div/div[3]/main/div[2]/div[1]/input]
2022-01-14 11:23:23.011 [main] INFO  cases.TestCase1 - 查找火锅
2022-01-14 11:23:23.011 [main] INFO  webui.xUtils.UIExcutorImpl - 查找元素：查询输入框[By.xpath:/html/body/div/div[3]/main/div[2]/div[1]/input]
2022-01-14 11:23:23.145 [main] INFO  webui.xUtils.UIExcutorImpl - 查找元素：搜索按钮[By.xpath:/html/body/div/div[3]/main/div[2]/div[1]/button]
2022-01-14 11:23:23.291 [main] INFO  webui.xUtils.UIExcutorImpl - 查找元素：展示卡片[By.className:card_listReviewCard__QvHn6]
2022-01-14 11:23:37.444 [main] ERROR webui.xUtils.TestNGListener - 测试步骤执行失败。------Test Failure！
2022-01-14 11:23:43.086 [main] INFO  webui.xUtils.TestNGListener - ------测试开始。内容：测试用例2------Start!
2022-01-14 11:23:43.091 [main] INFO  webui.xUtils.BasePageX - 成功读取：Review页面信息
2022-01-14 11:23:43.091 [main] INFO  webui.xUtils.UIExcutorImpl - 查找元素：查询输入框[By.xpath:/html/body/div/div[3]/main/div[2]/div[1]/input]
2022-01-14 11:23:43.157 [main] INFO  cases.TestCase1 - 查找美食
2022-01-14 11:23:43.157 [main] INFO  webui.xUtils.UIExcutorImpl - 查找元素：查询输入框[By.xpath:/html/body/div/div[3]/main/div[2]/div[1]/input]
2022-01-14 11:24:14.916 [main] INFO  webui.xUtils.browserUtil - 读取执行xml配置的chrome浏览器初始化

2022-01-14 11:24:18.722 [main] INFO  webui.xUtils.browserUtil - 打开浏览器，访问https://dianpings.com/网址!
2022-01-14 11:24:19.669 [main] INFO  webui.xUtils.TestNGListener - ------测试开始。内容：测试用例1------Start!
2022-01-14 11:24:19.809 [main] INFO  webui.xUtils.BasePageX - 成功读取：Review页面信息
2022-01-14 11:24:19.823 [main] INFO  webui.xUtils.UIExcutorImpl - 查找元素：展示卡片[By.className:card_listReviewCard__QvHn6]
2022-01-14 11:24:19.919 [main] INFO  webui.xUtils.TestNGListener - 测试步骤成功完成。------Test Success！
2022-01-14 11:24:19.930 [main] INFO  cases.TestCase1 - src\test\resources\data\keyword.jsonaaaaaaa
2022-01-14 11:24:20.005 [main] INFO  webui.xUtils.TestNGListener - ------测试开始。内容：测试用例2------Start!
2022-01-14 11:24:20.021 [main] INFO  webui.xUtils.BasePageX - 成功读取：Review页面信息
2022-01-14 11:24:20.021 [main] INFO  webui.xUtils.UIExcutorImpl - 查找元素：查询输入框[By.xpath:/html/body/div/div[3]/main/div[2]/div[1]/input]
2022-01-14 11:24:20.067 [main] INFO  cases.TestCase1 - 查找火锅
2022-01-14 11:24:20.067 [main] INFO  webui.xUtils.UIExcutorImpl - 查找元素：查询输入框[By.xpath:/html/body/div/div[3]/main/div[2]/div[1]/input]
2022-01-14 11:24:20.213 [main] INFO  webui.xUtils.UIExcutorImpl - 查找元素：搜索按钮[By.xpath:/html/body/div/div[3]/main/div[2]/div[1]/button]
2022-01-14 11:24:20.355 [main] INFO  webui.xUtils.UIExcutorImpl - 查找元素：展示卡片[By.className:card_listReviewCard__QvHn6]
2022-01-14 11:24:21.443 [main] INFO  webui.xUtils.TestNGListener - 测试步骤成功完成。------Test Success！
2022-01-14 11:24:21.447 [main] INFO  webui.xUtils.TestNGListener - ------测试开始。内容：测试用例2------Start!
2022-01-14 11:24:21.450 [main] INFO  webui.xUtils.BasePageX - 成功读取：Review页面信息
2022-01-14 11:24:21.450 [main] INFO  webui.xUtils.UIExcutorImpl - 查找元素：查询输入框[By.xpath:/html/body/div/div[3]/main/div[2]/div[1]/input]
2022-01-14 11:24:21.494 [main] INFO  cases.TestCase1 - 查找美食
2022-01-14 11:24:21.494 [main] INFO  webui.xUtils.UIExcutorImpl - 查找元素：查询输入框[By.xpath:/html/body/div/div[3]/main/div[2]/div[1]/input]
2022-01-14 11:24:21.572 [main] INFO  webui.xUtils.UIExcutorImpl - 查找元素：搜索按钮[By.xpath:/html/body/div/div[3]/main/div[2]/div[1]/button]
2022-01-14 11:24:21.635 [main] INFO  webui.xUtils.UIExcutorImpl - 查找元素：展示卡片[By.className:card_listReviewCard__QvHn6]
2022-01-14 11:24:22.709 [main] INFO  webui.xUtils.TestNGListener - 测试步骤成功完成。------Test Success！
2022-01-14 11:24:22.709 [main] INFO  webui.xUtils.TestNGListener - ------测试开始。内容：测试用例2------Start!
2022-01-14 11:24:22.709 [main] INFO  webui.xUtils.BasePageX - 成功读取：Review页面信息
2022-01-14 11:24:22.709 [main] INFO  webui.xUtils.UIExcutorImpl - 查找元素：查询输入框[By.xpath:/html/body/div/div[3]/main/div[2]/div[1]/input]
2022-01-14 11:24:22.768 [main] INFO  cases.TestCase1 - 查找川菜
2022-01-14 11:24:22.768 [main] INFO  webui.xUtils.UIExcutorImpl - 查找元素：查询输入框[By.xpath:/html/body/div/div[3]/main/div[2]/div[1]/input]
2022-01-14 11:24:22.843 [main] INFO  webui.xUtils.UIExcutorImpl - 查找元素：搜索按钮[By.xpath:/html/body/div/div[3]/main/div[2]/div[1]/button]
2022-01-14 11:24:22.899 [main] INFO  webui.xUtils.UIExcutorImpl - 查找元素：展示卡片[By.className:card_listReviewCard__QvHn6]
2022-01-14 11:24:23.975 [main] INFO  webui.xUtils.TestNGListener - 测试步骤成功完成。------Test Success！
2022-01-14 11:24:24.736 [main] INFO  webui.xUtils.TestNGListener - ------结束： ------Test Finish！
2022-01-14 11:24:49.515 [main] INFO  webui.xUtils.browserUtil - 读取执行xml配置的chrome浏览器初始化

2022-01-14 11:24:53.510 [main] INFO  webui.xUtils.browserUtil - 打开浏览器，访问https://dianpings.com/网址!
2022-01-14 11:24:54.803 [main] INFO  webui.xUtils.TestNGListener - ------测试开始。内容：测试用例1------Start!
2022-01-14 11:24:55.026 [main] INFO  webui.xUtils.BasePageX - 成功读取：Review页面信息
2022-01-14 11:24:55.046 [main] INFO  webui.xUtils.UIExcutorImpl - 查找元素：展示卡片[By.className:card_listReviewCard__QvHn6]
2022-01-14 11:24:55.301 [main] INFO  webui.xUtils.TestNGListener - 测试步骤成功完成。------Test Success！
2022-01-14 11:24:55.337 [main] INFO  cases.TestCase1 - src\test\resources\data\keyword.jsonaaaaaaa
2022-01-14 11:24:55.539 [main] INFO  webui.xUtils.TestNGListener - ------测试开始。内容：测试用例2------Start!
2022-01-14 11:24:55.548 [main] INFO  webui.xUtils.BasePageX - 成功读取：Review页面信息
2022-01-14 11:24:55.548 [main] INFO  webui.xUtils.UIExcutorImpl - 查找元素：查询输入框[By.xpath:/html/body/div/div[3]/main/div[2]/div[1]/input]
2022-01-14 11:24:55.699 [main] INFO  cases.TestCase1 - 查找火锅
2022-01-14 11:24:55.699 [main] INFO  webui.xUtils.UIExcutorImpl - 查找元素：查询输入框[By.xpath:/html/body/div/div[3]/main/div[2]/div[1]/input]
2022-01-14 11:24:55.919 [main] INFO  webui.xUtils.UIExcutorImpl - 查找元素：搜索按钮[By.xpath:/html/body/div/div[3]/main/div[2]/div[1]/button]
2022-01-14 11:24:56.077 [main] INFO  webui.xUtils.UIExcutorImpl - 查找元素：展示卡片[By.className:card_listReviewCard__QvHn6]
2022-01-14 11:25:10.484 [main] ERROR webui.xUtils.TestNGListener - 测试步骤执行失败。------Test Failure！
2022-01-14 11:25:10.489 [main] INFO  webui.xUtils.TestNGListener - ------测试开始。内容：测试用例2------Start!
2022-01-14 11:25:10.489 [main] INFO  webui.xUtils.BasePageX - 成功读取：Review页面信息
2022-01-14 11:25:10.489 [main] INFO  webui.xUtils.UIExcutorImpl - 查找元素：查询输入框[By.xpath:/html/body/div/div[3]/main/div[2]/div[1]/input]
2022-01-14 11:25:10.570 [main] INFO  cases.TestCase1 - 查找美食
2022-01-14 11:25:10.571 [main] INFO  webui.xUtils.UIExcutorImpl - 查找元素：查询输入框[By.xpath:/html/body/div/div[3]/main/div[2]/div[1]/input]
2022-01-14 11:26:22.549 [main] INFO  webui.xUtils.browserUtil - 读取执行xml配置的chrome浏览器初始化

2022-01-14 11:26:26.821 [main] INFO  webui.xUtils.browserUtil - 打开浏览器，访问https://dianpings.com/网址!
2022-01-14 11:26:27.776 [main] INFO  webui.xUtils.TestNGListener - ------测试开始。内容：测试用例1------Start!
2022-01-14 11:26:27.936 [main] INFO  webui.xUtils.BasePageX - 成功读取：Review页面信息
2022-01-14 11:26:27.942 [main] INFO  webui.xUtils.UIExcutorImpl - 查找元素：展示卡片[By.className:card_listReviewCard__QvHn6]
2022-01-14 11:26:28.029 [main] INFO  webui.xUtils.TestNGListener - 测试步骤成功完成。------Test Success！
2022-01-14 11:26:28.048 [main] INFO  cases.TestCase1 - src\test\resources\data\keyword.jsonaaaaaaa
2022-01-14 11:26:28.123 [main] INFO  webui.xUtils.TestNGListener - ------测试开始。内容：测试用例2------Start!
2022-01-14 11:26:28.127 [main] INFO  webui.xUtils.BasePageX - 成功读取：Review页面信息
2022-01-14 11:26:28.127 [main] INFO  webui.xUtils.UIExcutorImpl - 查找元素：查询输入框[By.xpath:/html/body/div/div[3]/main/div[2]/div[1]/input]
2022-01-14 11:26:28.192 [main] INFO  cases.TestCase1 - 查找火锅
2022-01-14 11:26:28.192 [main] INFO  webui.xUtils.UIExcutorImpl - 查找元素：查询输入框[By.xpath:/html/body/div/div[3]/main/div[2]/div[1]/input]
2022-01-14 11:26:28.319 [main] INFO  webui.xUtils.UIExcutorImpl - 查找元素：搜索按钮[By.xpath:/html/body/div/div[3]/main/div[2]/div[1]/button]
2022-01-14 11:26:28.487 [main] INFO  webui.xUtils.UIExcutorImpl - 查找元素：展示卡片[By.className:card_listReviewCard__QvHn6]
2022-01-14 11:26:50.022 [main] ERROR webui.xUtils.TestNGListener - 测试步骤执行失败。------Test Failure！
2022-01-14 11:26:50.032 [main] INFO  webui.xUtils.TestNGListener - ------测试开始。内容：测试用例2------Start!
2022-01-14 11:26:50.036 [main] INFO  webui.xUtils.BasePageX - 成功读取：Review页面信息
2022-01-14 11:26:50.036 [main] INFO  webui.xUtils.UIExcutorImpl - 查找元素：查询输入框[By.xpath:/html/body/div/div[3]/main/div[2]/div[1]/input]
2022-01-14 11:26:50.102 [main] INFO  cases.TestCase1 - 查找美食
2022-01-14 11:26:50.102 [main] INFO  webui.xUtils.UIExcutorImpl - 查找元素：查询输入框[By.xpath:/html/body/div/div[3]/main/div[2]/div[1]/input]
2022-01-14 11:27:24.171 [main] INFO  webui.xUtils.browserUtil - 读取执行xml配置的chrome浏览器初始化

2022-01-14 11:27:28.179 [main] INFO  webui.xUtils.browserUtil - 打开浏览器，访问https://dianpings.com/网址!
2022-01-14 11:27:29.103 [main] INFO  webui.xUtils.TestNGListener - ------测试开始。内容：测试用例1------Start!
2022-01-14 11:27:29.251 [main] INFO  webui.xUtils.BasePageX - 成功读取：Review页面信息
2022-01-14 11:27:29.267 [main] INFO  webui.xUtils.UIExcutorImpl - 查找元素：展示卡片[By.className:card_listReviewCard__QvHn6]
2022-01-14 11:27:29.422 [main] INFO  webui.xUtils.TestNGListener - 测试步骤成功完成。------Test Success！
2022-01-14 11:27:29.435 [main] INFO  cases.TestCase1 - src\test\resources\data\keyword.jsonaaaaaaa
2022-01-14 11:27:29.519 [main] INFO  webui.xUtils.TestNGListener - ------测试开始。内容：测试用例2------Start!
2022-01-14 11:27:29.523 [main] INFO  webui.xUtils.BasePageX - 成功读取：Review页面信息
2022-01-14 11:27:29.523 [main] INFO  webui.xUtils.UIExcutorImpl - 查找元素：查询输入框[By.xpath:/html/body/div/div[3]/main/div[2]/div[1]/input]
2022-01-14 11:27:29.591 [main] INFO  cases.TestCase1 - 查找火锅
2022-01-14 11:27:29.591 [main] INFO  webui.xUtils.UIExcutorImpl - 查找元素：查询输入框[By.xpath:/html/body/div/div[3]/main/div[2]/div[1]/input]
2022-01-14 11:27:30.017 [main] INFO  webui.xUtils.UIExcutorImpl - 查找元素：搜索按钮[By.xpath:/html/body/div/div[3]/main/div[2]/div[1]/button]
2022-01-14 11:27:30.191 [main] INFO  webui.xUtils.UIExcutorImpl - 查找元素：展示卡片[By.className:card_listReviewCard__QvHn6]
2022-01-14 11:28:04.096 [main] ERROR webui.xUtils.TestNGListener - 测试步骤执行失败。------Test Failure！
2022-01-14 11:28:04.096 [main] INFO  webui.xUtils.TestNGListener - ------测试开始。内容：测试用例2------Start!
2022-01-14 11:28:04.111 [main] INFO  webui.xUtils.BasePageX - 成功读取：Review页面信息
2022-01-14 11:28:04.111 [main] INFO  webui.xUtils.UIExcutorImpl - 查找元素：查询输入框[By.xpath:/html/body/div/div[3]/main/div[2]/div[1]/input]
2022-01-14 11:28:04.174 [main] INFO  cases.TestCase1 - 查找美食
2022-01-14 11:28:04.175 [main] INFO  webui.xUtils.UIExcutorImpl - 查找元素：查询输入框[By.xpath:/html/body/div/div[3]/main/div[2]/div[1]/input]
2022-01-14 11:29:10.790 [main] INFO  webui.xUtils.browserUtil - 读取执行xml配置的chrome浏览器初始化

2022-01-14 11:29:14.559 [main] INFO  webui.xUtils.browserUtil - 打开浏览器，访问https://dianpings.com/网址!
2022-01-14 11:29:15.474 [main] INFO  webui.xUtils.TestNGListener - ------测试开始。内容：测试用例1------Start!
2022-01-14 11:29:15.610 [main] INFO  webui.xUtils.BasePageX - 成功读取：Review页面信息
2022-01-14 11:29:15.626 [main] INFO  webui.xUtils.UIExcutorImpl - 查找元素：展示卡片[By.className:card_listReviewCard__QvHn6]
2022-01-14 11:29:15.711 [main] INFO  webui.xUtils.TestNGListener - 测试步骤成功完成。------Test Success！
2022-01-14 11:29:15.724 [main] INFO  cases.TestCase1 - src\test\resources\data\keyword.jsonaaaaaaa
2022-01-14 11:29:15.814 [main] INFO  webui.xUtils.TestNGListener - ------测试开始。内容：测试用例2------Start!
2022-01-14 11:29:15.815 [main] INFO  webui.xUtils.BasePageX - 成功读取：Review页面信息
2022-01-14 11:29:15.815 [main] INFO  webui.xUtils.UIExcutorImpl - 查找元素：查询输入框[By.xpath:/html/body/div/div[3]/main/div[2]/div[1]/input]
2022-01-14 11:29:15.873 [main] INFO  cases.TestCase1 - 查找火锅
2022-01-14 11:29:15.873 [main] INFO  webui.xUtils.UIExcutorImpl - 查找元素：查询输入框[By.xpath:/html/body/div/div[3]/main/div[2]/div[1]/input]
2022-01-14 11:29:16.030 [main] INFO  webui.xUtils.UIExcutorImpl - 查找元素：搜索按钮[By.xpath:/html/body/div/div[3]/main/div[2]/div[1]/button]
2022-01-14 11:29:17.147 [main] INFO  webui.xUtils.UIExcutorImpl - 查找元素：展示卡片[By.className:card_listReviewCard__QvHn6]
2022-01-14 11:29:31.690 [main] INFO  cases.TestCase1 - 火锅在卡片中存在！！！！
2022-01-14 11:29:31.721 [main] INFO  cases.TestCase1 - 火锅在卡片中存在！！！！
2022-01-14 11:29:31.737 [main] INFO  cases.TestCase1 - 火锅在卡片中存在！！！！
2022-01-14 11:29:31.774 [main] INFO  cases.TestCase1 - 火锅在卡片中存在！！！！
2022-01-14 11:29:51.734 [main] INFO  webui.xUtils.browserUtil - 读取执行xml配置的chrome浏览器初始化

2022-01-14 11:29:55.388 [main] INFO  webui.xUtils.browserUtil - 打开浏览器，访问https://dianpings.com/网址!
2022-01-14 11:29:56.307 [main] INFO  webui.xUtils.TestNGListener - ------测试开始。内容：测试用例1------Start!
2022-01-14 11:29:56.438 [main] INFO  webui.xUtils.BasePageX - 成功读取：Review页面信息
2022-01-14 11:29:56.456 [main] INFO  webui.xUtils.UIExcutorImpl - 查找元素：展示卡片[By.className:card_listReviewCard__QvHn6]
2022-01-14 11:29:56.534 [main] INFO  webui.xUtils.TestNGListener - 测试步骤成功完成。------Test Success！
2022-01-14 11:29:56.547 [main] INFO  cases.TestCase1 - src\test\resources\data\keyword.jsonaaaaaaa
2022-01-14 11:29:56.639 [main] INFO  webui.xUtils.TestNGListener - ------测试开始。内容：测试用例2------Start!
2022-01-14 11:29:56.643 [main] INFO  webui.xUtils.BasePageX - 成功读取：Review页面信息
2022-01-14 11:29:56.643 [main] INFO  webui.xUtils.UIExcutorImpl - 查找元素：查询输入框[By.xpath:/html/body/div/div[3]/main/div[2]/div[1]/input]
2022-01-14 11:29:56.703 [main] INFO  cases.TestCase1 - 查找火锅
2022-01-14 11:29:56.704 [main] INFO  webui.xUtils.UIExcutorImpl - 查找元素：查询输入框[By.xpath:/html/body/div/div[3]/main/div[2]/div[1]/input]
2022-01-14 11:29:56.841 [main] INFO  webui.xUtils.UIExcutorImpl - 查找元素：搜索按钮[By.xpath:/html/body/div/div[3]/main/div[2]/div[1]/button]
2022-01-14 11:29:58.008 [main] INFO  webui.xUtils.UIExcutorImpl - 查找元素：展示卡片[By.className:card_listReviewCard__QvHn6]
2022-01-14 11:29:58.053 [main] INFO  cases.TestCase1 - 火锅在卡片中存在！！！！
2022-01-14 11:29:58.080 [main] INFO  cases.TestCase1 - 火锅在卡片中存在！！！！
2022-01-14 11:29:58.103 [main] INFO  cases.TestCase1 - 火锅在卡片中存在！！！！
2022-01-14 11:29:58.124 [main] INFO  cases.TestCase1 - 火锅在卡片中存在！！！！
2022-01-14 11:29:58.139 [main] INFO  cases.TestCase1 - 火锅在卡片中存在！！！！
2022-01-14 11:29:58.155 [main] INFO  cases.TestCase1 - 火锅在卡片中存在！！！！
2022-01-14 11:29:58.186 [main] INFO  cases.TestCase1 - 火锅在卡片中存在！！！！
2022-01-14 11:29:58.202 [main] INFO  cases.TestCase1 - 火锅在卡片中存在！！！！
2022-01-14 11:29:58.233 [main] INFO  cases.TestCase1 - 火锅在卡片中存在！！！！
2022-01-14 11:29:58.233 [main] INFO  webui.xUtils.TestNGListener - 测试步骤成功完成。------Test Success！
2022-01-14 11:29:58.233 [main] INFO  webui.xUtils.TestNGListener - ------测试开始。内容：测试用例2------Start!
2022-01-14 11:29:58.233 [main] INFO  webui.xUtils.BasePageX - 成功读取：Review页面信息
2022-01-14 11:29:58.233 [main] INFO  webui.xUtils.UIExcutorImpl - 查找元素：查询输入框[By.xpath:/html/body/div/div[3]/main/div[2]/div[1]/input]
2022-01-14 11:29:58.291 [main] INFO  cases.TestCase1 - 查找美食
2022-01-14 11:29:58.291 [main] INFO  webui.xUtils.UIExcutorImpl - 查找元素：查询输入框[By.xpath:/html/body/div/div[3]/main/div[2]/div[1]/input]
2022-01-14 11:29:58.351 [main] INFO  webui.xUtils.UIExcutorImpl - 查找元素：搜索按钮[By.xpath:/html/body/div/div[3]/main/div[2]/div[1]/button]
2022-01-14 11:29:59.444 [main] INFO  webui.xUtils.UIExcutorImpl - 查找元素：展示卡片[By.className:card_listReviewCard__QvHn6]
2022-01-14 11:29:59.476 [main] INFO  cases.TestCase1 - 美食在卡片中存在！！！！
2022-01-14 11:29:59.507 [main] INFO  cases.TestCase1 - 美食在卡片中存在！！！！
2022-01-14 11:29:59.523 [main] INFO  cases.TestCase1 - 美食在卡片中存在！！！！
2022-01-14 11:29:59.539 [main] INFO  cases.TestCase1 - 美食在卡片中存在！！！！
2022-01-14 11:29:59.570 [main] INFO  cases.TestCase1 - 美食在卡片中存在！！！！
2022-01-14 11:29:59.586 [main] INFO  cases.TestCase1 - 美食在卡片中存在！！！！
2022-01-14 11:29:59.617 [main] INFO  cases.TestCase1 - 美食在卡片中存在！！！！
2022-01-14 11:29:59.632 [main] INFO  cases.TestCase1 - 美食在卡片中存在！！！！
2022-01-14 11:29:59.664 [main] INFO  cases.TestCase1 - 美食在卡片中存在！！！！
2022-01-14 11:29:59.664 [main] INFO  webui.xUtils.TestNGListener - 测试步骤成功完成。------Test Success！
2022-01-14 11:29:59.760 [main] INFO  webui.xUtils.TestNGListener - ------测试开始。内容：测试用例2------Start!
2022-01-14 11:29:59.760 [main] INFO  webui.xUtils.BasePageX - 成功读取：Review页面信息
2022-01-14 11:29:59.760 [main] INFO  webui.xUtils.UIExcutorImpl - 查找元素：查询输入框[By.xpath:/html/body/div/div[3]/main/div[2]/div[1]/input]
2022-01-14 11:29:59.818 [main] INFO  cases.TestCase1 - 查找川菜
2022-01-14 11:29:59.818 [main] INFO  webui.xUtils.UIExcutorImpl - 查找元素：查询输入框[By.xpath:/html/body/div/div[3]/main/div[2]/div[1]/input]
2022-01-14 11:29:59.909 [main] INFO  webui.xUtils.UIExcutorImpl - 查找元素：搜索按钮[By.xpath:/html/body/div/div[3]/main/div[2]/div[1]/button]
2022-01-14 11:30:00.975 [main] INFO  webui.xUtils.UIExcutorImpl - 查找元素：展示卡片[By.className:card_listReviewCard__QvHn6]
2022-01-14 11:30:01.014 [main] INFO  cases.TestCase1 - 川菜在卡片中存在！！！！
2022-01-14 11:30:01.029 [main] INFO  cases.TestCase1 - 川菜在卡片中存在！！！！
2022-01-14 11:30:01.061 [main] INFO  cases.TestCase1 - 川菜在卡片中存在！！！！
2022-01-14 11:30:01.076 [main] INFO  cases.TestCase1 - 川菜在卡片中存在！！！！
2022-01-14 11:30:01.107 [main] INFO  cases.TestCase1 - 川菜在卡片中存在！！！！
2022-01-14 11:30:01.123 [main] INFO  cases.TestCase1 - 川菜在卡片中存在！！！！
2022-01-14 11:30:01.154 [main] INFO  cases.TestCase1 - 川菜在卡片中存在！！！！
2022-01-14 11:30:01.170 [main] INFO  cases.TestCase1 - 川菜在卡片中存在！！！！
2022-01-14 11:30:01.201 [main] INFO  cases.TestCase1 - 川菜在卡片中存在！！！！
2022-01-14 11:30:01.201 [main] INFO  webui.xUtils.TestNGListener - 测试步骤成功完成。------Test Success！
2022-01-14 11:30:02.352 [main] INFO  webui.xUtils.TestNGListener - ------结束： ------Test Finish！
